09:33:52 | 152C | Error | Error 91 (Variable objet ou variable bloc With non définie) in Sub frmMain.AppEvents_Fire
09:33:52 | 152C | Error | Error 91 (Variable objet ou variable bloc With non définie) in Sub frmMain.AppEvents_Fire
09:33:52 | 152C | Error | Error 91 (Variable objet ou variable bloc With non définie) in Sub frmMain.AppEvents_Fire
09:33:55 | 152C | Error | Error 735 (Le contrôle n'est plus utilisable car il a été supprimé de la collection de contrôles) in Property cAlphaTabs.Left
09:33:55 | 152C | Error | Error 735 (Le contrôle n'est plus utilisable car il a été supprimé de la collection de contrôles) in Property cAlphaTabs.Left
09:33:55 | 152C | Error | Error 735 (Le contrôle n'est plus utilisable car il a été supprimé de la collection de contrôles) in Property cAlphaTabs.Container
09:33:55 | 152C | Error | Error 735 (Le contrôle n'est plus utilisable car il a été supprimé de la collection de contrôles) in Property cAlphaTabs.Left
09:33:55 | 152C | Error | Error 735 (Le contrôle n'est plus utilisable car il a été supprimé de la collection de contrôles) in Property cAlphaTabs.Top
09:33:55 | 152C | Error | Error 735 (Le contrôle n'est plus utilisable car il a été supprimé de la collection de contrôles) in Property cAlphaTabs.Top
09:33:55 | 152C | Error | Error 735 (Le contrôle n'est plus utilisable car il a été supprimé de la collection de contrôles) in Property cAlphaTabs.Container
09:33:55 | 152C | Error | Error 735 (Le contrôle n'est plus utilisable car il a été supprimé de la collection de contrôles) in Property cAlphaTabs.Top
09:33:55 | 152C | Error | Error 735 (Le contrôle n'est plus utilisable car il a été supprimé de la collection de contrôles) in Property cAlphaTabs.Width
09:33:55 | 152C | Error | Error 735 (Le contrôle n'est plus utilisable car il a été supprimé de la collection de contrôles) in Property cAlphaTabs.Width
09:33:55 | 152C | Error | Error 735 (Le contrôle n'est plus utilisable car il a été supprimé de la collection de contrôles) in Property cAlphaTabs.Container
09:33:55 | 152C | Error | Error 735 (Le contrôle n'est plus utilisable car il a été supprimé de la collection de contrôles) in Property cAlphaTabs.Width
12:12:09 | 15E0 | Error | Error 91 (Variable objet ou variable bloc With non définie) in Sub frmMain.AppEvents_Fire
12:12:09 | 15E0 | Error | Error 91 (Variable objet ou variable bloc With non définie) in Sub frmMain.AppEvents_Fire
12:12:09 | 15E0 | Error | Error 91 (Variable objet ou variable bloc With non définie) in Sub frmMain.AppEvents_Fire
12:58:26 | 1484 | Error | Error 91 (Variable objet ou variable bloc With non définie) in Sub frmMain.AppEvents_Fire
12:58:26 | 1484 | Error | Error 91 (Variable objet ou variable bloc With non définie) in Sub frmMain.AppEvents_Fire
12:58:26 | 1484 | Error | Error 91 (Variable objet ou variable bloc With non définie) in Sub frmMain.AppEvents_Fire
12:58:27 | 1484 | Error | Error 735 (Le contrôle n'est plus utilisable car il a été supprimé de la collection de contrôles) in Property cAlphaTabs.Left
12:58:27 | 1484 | Error | Error 735 (Le contrôle n'est plus utilisable car il a été supprimé de la collection de contrôles) in Property cAlphaTabs.Left
12:58:27 | 1484 | Error | Error 735 (Le contrôle n'est plus utilisable car il a été supprimé de la collection de contrôles) in Property cAlphaTabs.Container
12:58:27 | 1484 | Error | Error 735 (Le contrôle n'est plus utilisable car il a été supprimé de la collection de contrôles) in Property cAlphaTabs.Left
12:58:27 | 1484 | Error | Error 735 (Le contrôle n'est plus utilisable car il a été supprimé de la collection de contrôles) in Property cAlphaTabs.Top
12:58:27 | 1484 | Error | Error 735 (Le contrôle n'est plus utilisable car il a été supprimé de la collection de contrôles) in Property cAlphaTabs.Top
12:58:27 | 1484 | Error | Error 735 (Le contrôle n'est plus utilisable car il a été supprimé de la collection de contrôles) in Property cAlphaTabs.Container
12:58:27 | 1484 | Error | Error 735 (Le contrôle n'est plus utilisable car il a été supprimé de la collection de contrôles) in Property cAlphaTabs.Top
12:58:27 | 1484 | Error | Error 735 (Le contrôle n'est plus utilisable car il a été supprimé de la collection de contrôles) in Property cAlphaTabs.Width
12:58:27 | 1484 | Error | Error 735 (Le contrôle n'est plus utilisable car il a été supprimé de la collection de contrôles) in Property cAlphaTabs.Width
12:58:27 | 1484 | Error | Error 735 (Le contrôle n'est plus utilisable car il a été supprimé de la collection de contrôles) in Property cAlphaTabs.Container
12:58:27 | 1484 | Error | Error 735 (Le contrôle n'est plus utilisable car il a été supprimé de la collection de contrôles) in Property cAlphaTabs.Width
12:58:28 | 1484 | Error | Error 735 (Le contrôle n'est plus utilisable car il a été supprimé de la collection de contrôles) in Sub frmMain.Form_Load
