01:06:22 | 1114 | Error | Error 91 (Variable objet ou variable bloc With non définie) in Sub frmMain.AppEvents_Fire
01:06:22 | 1114 | Error | Error 91 (Variable objet ou variable bloc With non définie) in Sub frmMain.AppEvents_Fire
01:06:22 | 1114 | Error | Error 91 (Variable objet ou variable bloc With non définie) in Sub frmMain.AppEvents_Fire
01:06:23 | 1114 | Error | Error 735 (Le contrôle n'est plus utilisable car il a été supprimé de la collection de contrôles) in Property cAlphaTabs.Left
01:06:23 | 1114 | Error | Error 735 (Le contrôle n'est plus utilisable car il a été supprimé de la collection de contrôles) in Property cAlphaTabs.Left
01:06:23 | 1114 | Error | Error 735 (Le contrôle n'est plus utilisable car il a été supprimé de la collection de contrôles) in Property cAlphaTabs.Container
01:06:23 | 1114 | Error | Error 735 (Le contrôle n'est plus utilisable car il a été supprimé de la collection de contrôles) in Property cAlphaTabs.Left
01:06:23 | 1114 | Error | Error 735 (Le contrôle n'est plus utilisable car il a été supprimé de la collection de contrôles) in Property cAlphaTabs.Top
01:06:23 | 1114 | Error | Error 735 (Le contrôle n'est plus utilisable car il a été supprimé de la collection de contrôles) in Property cAlphaTabs.Top
01:06:23 | 1114 | Error | Error 735 (Le contrôle n'est plus utilisable car il a été supprimé de la collection de contrôles) in Property cAlphaTabs.Container
01:06:23 | 1114 | Error | Error 735 (Le contrôle n'est plus utilisable car il a été supprimé de la collection de contrôles) in Property cAlphaTabs.Top
01:06:23 | 1114 | Error | Error 735 (Le contrôle n'est plus utilisable car il a été supprimé de la collection de contrôles) in Property cAlphaTabs.Width
01:06:23 | 1114 | Error | Error 735 (Le contrôle n'est plus utilisable car il a été supprimé de la collection de contrôles) in Property cAlphaTabs.Width
01:06:23 | 1114 | Error | Error 735 (Le contrôle n'est plus utilisable car il a été supprimé de la collection de contrôles) in Property cAlphaTabs.Container
01:06:23 | 1114 | Error | Error 735 (Le contrôle n'est plus utilisable car il a été supprimé de la collection de contrôles) in Property cAlphaTabs.Width
01:06:23 | 1114 | Error | Error 735 (Le contrôle n'est plus utilisable car il a été supprimé de la collection de contrôles) in Sub frmMain.Form_Load
01:32:30 | 15CC | Error | Error 91 (Variable objet ou variable bloc With non définie) in Sub frmMain.AppEvents_Fire
01:32:30 | 15CC | Error | Error 91 (Variable objet ou variable bloc With non définie) in Sub frmMain.AppEvents_Fire
01:32:30 | 15CC | Error | Error 91 (Variable objet ou variable bloc With non définie) in Sub frmMain.AppEvents_Fire
02:41:42 | 16CC | Error | Error 91 (Variable objet ou variable bloc With non définie) in Sub frmMain.AppEvents_Fire
02:41:44 | 16CC | Error | Error 91 (Variable objet ou variable bloc With non définie) in Sub frmMain.AppEvents_Fire
02:41:44 | 16CC | Error | Error 91 (Variable objet ou variable bloc With non définie) in Sub frmMain.AppEvents_Fire
