09:55:53 | 1260 | Error | Error 91 (Variable objet ou variable bloc With non définie) in Sub frmMain.AppEvents_Fire
09:55:56 | 1260 | Error | Error 91 (Variable objet ou variable bloc With non définie) in Sub frmMain.AppEvents_Fire
09:55:56 | 1260 | Error | Error 91 (Variable objet ou variable bloc With non définie) in Sub frmMain.AppEvents_Fire
09:55:56 | 1260 | Error | Error 735 (Le contrôle n'est plus utilisable car il a été supprimé de la collection de contrôles) in Property cAlphaTabs.Left
09:55:56 | 1260 | Error | Error 735 (Le contrôle n'est plus utilisable car il a été supprimé de la collection de contrôles) in Property cAlphaTabs.Left
09:55:56 | 1260 | Error | Error 735 (Le contrôle n'est plus utilisable car il a été supprimé de la collection de contrôles) in Property cAlphaTabs.Container
09:55:56 | 1260 | Error | Error 735 (Le contrôle n'est plus utilisable car il a été supprimé de la collection de contrôles) in Property cAlphaTabs.Left
09:55:56 | 1260 | Error | Error 735 (Le contrôle n'est plus utilisable car il a été supprimé de la collection de contrôles) in Property cAlphaTabs.Top
09:55:56 | 1260 | Error | Error 735 (Le contrôle n'est plus utilisable car il a été supprimé de la collection de contrôles) in Property cAlphaTabs.Top
09:55:56 | 1260 | Error | Error 735 (Le contrôle n'est plus utilisable car il a été supprimé de la collection de contrôles) in Property cAlphaTabs.Container
09:55:56 | 1260 | Error | Error 735 (Le contrôle n'est plus utilisable car il a été supprimé de la collection de contrôles) in Property cAlphaTabs.Top
09:55:56 | 1260 | Error | Error 735 (Le contrôle n'est plus utilisable car il a été supprimé de la collection de contrôles) in Property cAlphaTabs.Width
09:55:56 | 1260 | Error | Error 735 (Le contrôle n'est plus utilisable car il a été supprimé de la collection de contrôles) in Property cAlphaTabs.Width
09:55:56 | 1260 | Error | Error 735 (Le contrôle n'est plus utilisable car il a été supprimé de la collection de contrôles) in Property cAlphaTabs.Container
09:55:56 | 1260 | Error | Error 735 (Le contrôle n'est plus utilisable car il a été supprimé de la collection de contrôles) in Property cAlphaTabs.Width
09:55:57 | 1260 | Error | Error 735 (Le contrôle n'est plus utilisable car il a été supprimé de la collection de contrôles) in Sub frmMain.Form_Load
16:31:00 | 143C | Error | Error 91 (Variable objet ou variable bloc With non définie) in Sub frmMain.AppEvents_Fire
16:31:00 | 143C | Error | Error 91 (Variable objet ou variable bloc With non définie) in Sub frmMain.AppEvents_Fire
16:31:00 | 143C | Error | Error 91 (Variable objet ou variable bloc With non définie) in Sub frmMain.AppEvents_Fire
16:31:03 | 143C | Error | Error 735 (Le contrôle n'est plus utilisable car il a été supprimé de la collection de contrôles) in Property cAlphaTabs.Left
16:31:03 | 143C | Error | Error 735 (Le contrôle n'est plus utilisable car il a été supprimé de la collection de contrôles) in Property cAlphaTabs.Left
16:31:03 | 143C | Error | Error 735 (Le contrôle n'est plus utilisable car il a été supprimé de la collection de contrôles) in Property cAlphaTabs.Container
16:31:03 | 143C | Error | Error 735 (Le contrôle n'est plus utilisable car il a été supprimé de la collection de contrôles) in Property cAlphaTabs.Left
16:31:03 | 143C | Error | Error 735 (Le contrôle n'est plus utilisable car il a été supprimé de la collection de contrôles) in Property cAlphaTabs.Top
16:31:03 | 143C | Error | Error 735 (Le contrôle n'est plus utilisable car il a été supprimé de la collection de contrôles) in Property cAlphaTabs.Top
16:31:03 | 143C | Error | Error 735 (Le contrôle n'est plus utilisable car il a été supprimé de la collection de contrôles) in Property cAlphaTabs.Container
16:31:03 | 143C | Error | Error 735 (Le contrôle n'est plus utilisable car il a été supprimé de la collection de contrôles) in Property cAlphaTabs.Top
16:31:03 | 143C | Error | Error 735 (Le contrôle n'est plus utilisable car il a été supprimé de la collection de contrôles) in Property cAlphaTabs.Width
