07:22:29 | 1554 | Error | Error 91 (Variable objet ou variable bloc With non définie) in Sub frmMain.AppEvents_Fire
07:22:29 | 1554 | Error | Error 91 (Variable objet ou variable bloc With non définie) in Sub frmMain.AppEvents_Fire
07:22:29 | 1554 | Error | Error 91 (Variable objet ou variable bloc With non définie) in Sub frmMain.AppEvents_Fire
07:22:29 | 1554 | Error | Error 735 (Le contrôle n'est plus utilisable car il a été supprimé de la collection de contrôles) in Property cAlphaTabs.Left
07:22:29 | 1554 | Error | Error 735 (Le contrôle n'est plus utilisable car il a été supprimé de la collection de contrôles) in Property cAlphaTabs.Left
07:22:29 | 1554 | Error | Error 735 (Le contrôle n'est plus utilisable car il a été supprimé de la collection de contrôles) in Property cAlphaTabs.Container
07:22:29 | 1554 | Error | Error 735 (Le contrôle n'est plus utilisable car il a été supprimé de la collection de contrôles) in Property cAlphaTabs.Left
07:22:29 | 1554 | Error | Error 735 (Le contrôle n'est plus utilisable car il a été supprimé de la collection de contrôles) in Property cAlphaTabs.Top
07:22:29 | 1554 | Error | Error 735 (Le contrôle n'est plus utilisable car il a été supprimé de la collection de contrôles) in Property cAlphaTabs.Top
07:22:29 | 1554 | Error | Error 735 (Le contrôle n'est plus utilisable car il a été supprimé de la collection de contrôles) in Property cAlphaTabs.Container
07:22:29 | 1554 | Error | Error 735 (Le contrôle n'est plus utilisable car il a été supprimé de la collection de contrôles) in Property cAlphaTabs.Top
07:22:29 | 1554 | Error | Error 735 (Le contrôle n'est plus utilisable car il a été supprimé de la collection de contrôles) in Property cAlphaTabs.Width
07:22:29 | 1554 | Error | Error 735 (Le contrôle n'est plus utilisable car il a été supprimé de la collection de contrôles) in Property cAlphaTabs.Width
07:22:29 | 1554 | Error | Error 735 (Le contrôle n'est plus utilisable car il a été supprimé de la collection de contrôles) in Property cAlphaTabs.Container
07:22:29 | 1554 | Error | Error 735 (Le contrôle n'est plus utilisable car il a été supprimé de la collection de contrôles) in Property cAlphaTabs.Width
07:22:30 | 1554 | Error | Error 735 (Le contrôle n'est plus utilisable car il a été supprimé de la collection de contrôles) in Sub frmMain.Form_Load
18:21:13 | 112C | Error | Error 91 (Variable objet ou variable bloc With non définie) in Sub frmMain.AppEvents_Fire
18:21:13 | 112C | Error | Error 91 (Variable objet ou variable bloc With non définie) in Sub frmMain.AppEvents_Fire
18:21:13 | 112C | Error | Error 91 (Variable objet ou variable bloc With non définie) in Sub frmMain.AppEvents_Fire
18:21:14 | 112C | Error | Error 735 (Le contrôle n'est plus utilisable car il a été supprimé de la collection de contrôles) in Property cAlphaTabs.Left
18:21:14 | 112C | Error | Error 735 (Le contrôle n'est plus utilisable car il a été supprimé de la collection de contrôles) in Property cAlphaTabs.Left
18:21:14 | 112C | Error | Error 735 (Le contrôle n'est plus utilisable car il a été supprimé de la collection de contrôles) in Property cAlphaTabs.Container
18:21:14 | 112C | Error | Error 735 (Le contrôle n'est plus utilisable car il a été supprimé de la collection de contrôles) in Property cAlphaTabs.Left
18:21:14 | 112C | Error | Error 735 (Le contrôle n'est plus utilisable car il a été supprimé de la collection de contrôles) in Property cAlphaTabs.Top
18:21:14 | 112C | Error | Error 735 (Le contrôle n'est plus utilisable car il a été supprimé de la collection de contrôles) in Property cAlphaTabs.Top
18:21:14 | 112C | Error | Error 735 (Le contrôle n'est plus utilisable car il a été supprimé de la collection de contrôles) in Property cAlphaTabs.Container
18:21:14 | 112C | Error | Error 735 (Le contrôle n'est plus utilisable car il a été supprimé de la collection de contrôles) in Property cAlphaTabs.Top
18:21:14 | 112C | Error | Error 735 (Le contrôle n'est plus utilisable car il a été supprimé de la collection de contrôles) in Property cAlphaTabs.Width
18:21:14 | 112C | Error | Error 735 (Le contrôle n'est plus utilisable car il a été supprimé de la collection de contrôles) in Property cAlphaTabs.Width
18:21:14 | 112C | Error | Error 735 (Le contrôle n'est plus utilisable car il a été supprimé de la collection de contrôles) in Property cAlphaTabs.Container
18:21:14 | 112C | Error | Error 735 (Le contrôle n'est plus utilisable car il a été supprimé de la collection de contrôles) in Property cAlphaTabs.Width
18:21:14 | 112C | Error | Error 735 (Le contrôle n'est plus utilisable car il a été supprimé de la collection de contrôles) in Sub frmMain.Form_Load
