10:40:41 | FA0 | Error | Error 91 (Variable objet ou variable bloc With non définie) in Sub frmMain.AppEvents_Fire
10:40:41 | FA0 | Error | Error 91 (Variable objet ou variable bloc With non définie) in Sub frmMain.AppEvents_Fire
10:40:41 | FA0 | Error | Error 91 (Variable objet ou variable bloc With non définie) in Sub frmMain.AppEvents_Fire
10:40:41 | FA0 | Error | Error 735 (Le contrôle n'est plus utilisable car il a été supprimé de la collection de contrôles) in Property cAlphaTabs.Left
10:40:41 | FA0 | Error | Error 735 (Le contrôle n'est plus utilisable car il a été supprimé de la collection de contrôles) in Property cAlphaTabs.Left
10:40:41 | FA0 | Error | Error 735 (Le contrôle n'est plus utilisable car il a été supprimé de la collection de contrôles) in Property cAlphaTabs.Container
10:40:41 | FA0 | Error | Error 735 (Le contrôle n'est plus utilisable car il a été supprimé de la collection de contrôles) in Property cAlphaTabs.Left
10:40:41 | FA0 | Error | Error 735 (Le contrôle n'est plus utilisable car il a été supprimé de la collection de contrôles) in Property cAlphaTabs.Top
10:40:41 | FA0 | Error | Error 735 (Le contrôle n'est plus utilisable car il a été supprimé de la collection de contrôles) in Property cAlphaTabs.Top
10:40:41 | FA0 | Error | Error 735 (Le contrôle n'est plus utilisable car il a été supprimé de la collection de contrôles) in Property cAlphaTabs.Container
10:40:42 | FA0 | Error | Error 735 (Le contrôle n'est plus utilisable car il a été supprimé de la collection de contrôles) in Property cAlphaTabs.Top
10:40:42 | FA0 | Error | Error 735 (Le contrôle n'est plus utilisable car il a été supprimé de la collection de contrôles) in Property cAlphaTabs.Width
10:40:42 | FA0 | Error | Error 735 (Le contrôle n'est plus utilisable car il a été supprimé de la collection de contrôles) in Property cAlphaTabs.Width
10:40:42 | FA0 | Error | Error 735 (Le contrôle n'est plus utilisable car il a été supprimé de la collection de contrôles) in Property cAlphaTabs.Container
10:40:42 | FA0 | Error | Error 735 (Le contrôle n'est plus utilisable car il a été supprimé de la collection de contrôles) in Property cAlphaTabs.Width
10:40:42 | FA0 | Error | Error 735 (Le contrôle n'est plus utilisable car il a été supprimé de la collection de contrôles) in Sub frmMain.Form_Load
19:25:17 | 1498 | Error | Error 91 (Variable objet ou variable bloc With non définie) in Sub frmMain.AppEvents_Fire
19:25:17 | 1498 | Error | Error 91 (Variable objet ou variable bloc With non définie) in Sub frmMain.AppEvents_Fire
19:25:17 | 1498 | Error | Error 91 (Variable objet ou variable bloc With non définie) in Sub frmMain.AppEvents_Fire
19:25:20 | 1498 | Error | Error 735 (Le contrôle n'est plus utilisable car il a été supprimé de la collection de contrôles) in Property cAlphaTabs.Left
19:25:20 | 1498 | Error | Error 735 (Le contrôle n'est plus utilisable car il a été supprimé de la collection de contrôles) in Property cAlphaTabs.Left
19:25:20 | 1498 | Error | Error 735 (Le contrôle n'est plus utilisable car il a été supprimé de la collection de contrôles) in Property cAlphaTabs.Container
19:25:20 | 1498 | Error | Error 735 (Le contrôle n'est plus utilisable car il a été supprimé de la collection de contrôles) in Property cAlphaTabs.Left
19:25:20 | 1498 | Error | Error 735 (Le contrôle n'est plus utilisable car il a été supprimé de la collection de contrôles) in Property cAlphaTabs.Top
19:25:20 | 1498 | Error | Error 735 (Le contrôle n'est plus utilisable car il a été supprimé de la collection de contrôles) in Property cAlphaTabs.Top
19:25:20 | 1498 | Error | Error 735 (Le contrôle n'est plus utilisable car il a été supprimé de la collection de contrôles) in Property cAlphaTabs.Container
19:25:20 | 1498 | Error | Error 735 (Le contrôle n'est plus utilisable car il a été supprimé de la collection de contrôles) in Property cAlphaTabs.Top
19:25:20 | 1498 | Error | Error 735 (Le contrôle n'est plus utilisable car il a été supprimé de la collection de contrôles) in Property cAlphaTabs.Width
19:25:20 | 1498 | Error | Error 735 (Le contrôle n'est plus utilisable car il a été supprimé de la collection de contrôles) in Property cAlphaTabs.Width
19:25:20 | 1498 | Error | Error 735 (Le contrôle n'est plus utilisable car il a été supprimé de la collection de contrôles) in Property cAlphaTabs.Container
19:25:20 | 1498 | Error | Error 735 (Le contrôle n'est plus utilisable car il a été supprimé de la collection de contrôles) in Property cAlphaTabs.Width
