[ Mozilla Firefox & compatibles ]
. G: No path updating needed.
. G: No path updating needed.
. G: No path updating needed.
. a: User S-1-5-21-3542389834-2571133137-726880092-1002 is not on a different drive
. A: Found Shell Folder AppData registry information: C:\Users\babas\AppData\Roaming\
. A: Found Shell Folder Local AppData registry information: C:\Users\babas\AppData\Local\
. G: No path updating needed.
. G: No path updating needed.
. G: No path updating needed.
. Final AppData found: C:\Users\babas\AppData\Roaming\
i Browser detection took 00.000 seconds.

[ Mozilla Firefox Portable & compatibles ]
i Browser detection took 00.000 seconds.

[ Mozilla Firefox & compatibles ]
. G: No path updating needed.
. G: No path updating needed.
. G: No path updating needed.
. a: User S-1-5-21-3542389834-2571133137-726880092-1002 is not on a different drive
. A: Found Shell Folder AppData registry information: C:\Users\babas\AppData\Roaming\
. A: Found Shell Folder Local AppData registry information: C:\Users\babas\AppData\Local\
. G: No path updating needed.
. G: No path updating needed.
. G: No path updating needed.
. Final AppData found: C:\Users\babas\AppData\Roaming\
i Browser detection took 00.015 seconds.

[ Mozilla Firefox Portable & compatibles ]
i Browser detection took 00.000 seconds.

[ Mozilla Firefox & compatibles ]
. G: No path updating needed.
. G: No path updating needed.
. G: No path updating needed.
. a: User S-1-5-21-3542389834-2571133137-726880092-1002 is not on a different drive
. A: Found Shell Folder AppData registry information: C:\Users\babas\AppData\Roaming\
. A: Found Shell Folder Local AppData registry information: C:\Users\babas\AppData\Local\
. G: No path updating needed.
. G: No path updating needed.
. G: No path updating needed.
. Final AppData found: C:\Users\babas\AppData\Roaming\
i Browser detection took 00.016 seconds.

[ Mozilla Firefox Portable & compatibles ]
i Browser detection took 00.000 seconds.

[ Mozilla Firefox & compatibles ]
. G: No path updating needed.
. G: No path updating needed.
. G: No path updating needed.
. a: User S-1-5-21-3542389834-2571133137-726880092-1002 is not on a different drive
. A: Found Shell Folder AppData registry information: C:\Users\babas\AppData\Roaming\
. A: Found Shell Folder Local AppData registry information: C:\Users\babas\AppData\Local\
. G: No path updating needed.
. G: No path updating needed.
. G: No path updating needed.
. Final AppData found: C:\Users\babas\AppData\Roaming\
i Browser detection took 00.000 seconds.

[ Mozilla Firefox Portable & compatibles ]
i Browser detection took 00.000 seconds.

[ Opera ]
. G: No path updating needed.
. G: No path updating needed.
. G: No path updating needed.
. a: User S-1-5-21-3542389834-2571133137-726880092-1002 is not on a different drive
. A: Found Shell Folder AppData registry information: C:\Users\babas\AppData\Roaming\
. A: Found Shell Folder Local AppData registry information: C:\Users\babas\AppData\Local\
. G: No path updating needed.
. G: No path updating needed.
. G: No path updating needed.
. Probing possible profile in C:\Users\babas\AppData\Roaming\Opera Software\Opera Stable\...
. Probing possible profile in C:\Users\babas\AppData\Roaming\Opera Software\Opera Stable\profile\...
. Probing possible profile in C:\Program Files (x86)\Opera\Opera\profile\...
. Probing possible profile in C:\Program Files (x86)\Opera\Opera7\profile\...
. Probing possible profile in C:\Program Files (x86)\Opera\Opera75\profile\...
. Probing possible profile in C:\Program Files (x86)\Opera\Opera80\profile\...
. Probing possible profile in C:\Program Files (x86)\Opera\Opera90\profile\...
. Probing possible profile in C:\Program Files (x86)\Opera\Opera95\profile\...
. Probing possible profile in C:\Program Files (x86)\Opera\Opera96\profile\...
i Browser detection took 00.016 seconds.

[ Opera Portable & compatibles ]
i Browser detection took 00.000 seconds.

[ Opera ]
. G: No path updating needed.
. G: No path updating needed.
. G: No path updating needed.
. a: User S-1-5-21-3542389834-2571133137-726880092-1002 is not on a different drive
. A: Found Shell Folder AppData registry information: C:\Users\babas\AppData\Roaming\
. A: Found Shell Folder Local AppData registry information: C:\Users\babas\AppData\Local\
. G: No path updating needed.
. G: No path updating needed.
. G: No path updating needed.
. Probing possible profile in C:\Users\babas\AppData\Roaming\Opera Software\Opera Stable\...
. Probing possible profile in C:\Users\babas\AppData\Roaming\Opera Software\Opera Stable\profile\...
. Probing possible profile in C:\Program Files (x86)\Opera\Opera\profile\...
. Probing possible profile in C:\Program Files (x86)\Opera\Opera7\profile\...
. Probing possible profile in C:\Program Files (x86)\Opera\Opera75\profile\...
. Probing possible profile in C:\Program Files (x86)\Opera\Opera80\profile\...
. Probing possible profile in C:\Program Files (x86)\Opera\Opera90\profile\...
. Probing possible profile in C:\Program Files (x86)\Opera\Opera95\profile\...
. Probing possible profile in C:\Program Files (x86)\Opera\Opera96\profile\...
i Browser detection took 00.000 seconds.

[ Opera Portable & compatibles ]
i Browser detection took 00.000 seconds.

[ Opera ]
. G: No path updating needed.
. G: No path updating needed.
. G: No path updating needed.
. a: User S-1-5-21-3542389834-2571133137-726880092-1002 is not on a different drive
. A: Found Shell Folder AppData registry information: C:\Users\babas\AppData\Roaming\
. A: Found Shell Folder Local AppData registry information: C:\Users\babas\AppData\Local\
. G: No path updating needed.
. G: No path updating needed.
. G: No path updating needed.
. Probing possible profile in C:\Users\babas\AppData\Roaming\Opera Software\Opera Stable\...
. Probing possible profile in C:\Users\babas\AppData\Roaming\Opera Software\Opera Stable\profile\...
. Probing possible profile in C:\Program Files (x86)\Opera\Opera\profile\...
. Probing possible profile in C:\Program Files (x86)\Opera\Opera7\profile\...
. Probing possible profile in C:\Program Files (x86)\Opera\Opera75\profile\...
. Probing possible profile in C:\Program Files (x86)\Opera\Opera80\profile\...
. Probing possible profile in C:\Program Files (x86)\Opera\Opera90\profile\...
. Probing possible profile in C:\Program Files (x86)\Opera\Opera95\profile\...
. Probing possible profile in C:\Program Files (x86)\Opera\Opera96\profile\...
i Browser detection took 00.015 seconds.

[ Opera Portable & compatibles ]
i Browser detection took 00.000 seconds.

